Using pre-set license
Built from '2022.1/staging' branch; Version is '2022.1.23f1 (9636b062134a) revision 9844400'; Using compiler version '192829333'; Build Type 'Release'
OS: 'Windows 11  (10.0.22621) 64bit Professional' Language: 'en' Physical Memory: 7991 MB
BatchMode: 1, IsHumanControllingUs: 0, StartBugReporterOnCrash: 0, Is64bit: 1, IsPro: 1

COMMAND LINE ARGUMENTS:
C:\Program Files\Unity\Hub\Editor\2022.1.23f1\Editor\Unity.exe
-adb2
-batchMode
-noUpm
-name
AssetImportWorker8
-projectPath
D:/_Uni/Design/Assignment 2/PepperoniOrDie/Pepperoni Or Die Project2
-logFile
Logs/AssetImportWorker8.log
-srvPort
61922
Successfully changed project path to: D:/_Uni/Design/Assignment 2/PepperoniOrDie/Pepperoni Or Die Project2
D:/_Uni/Design/Assignment 2/PepperoniOrDie/Pepperoni Or Die Project2
[UnityMemory] Configuration Parameters - Can be set up in boot.config
    "memorysetup-bucket-allocator-granularity=16"
    "memorysetup-bucket-allocator-bucket-count=8"
    "memorysetup-bucket-allocator-block-size=33554432"
    "memorysetup-bucket-allocator-block-count=8"
    "memorysetup-main-allocator-block-size=16777216"
    "memorysetup-thread-allocator-block-size=16777216"
    "memorysetup-gfx-main-allocator-block-size=16777216"
    "memorysetup-gfx-thread-allocator-block-size=16777216"
    "memorysetup-cache-allocator-block-size=4194304"
    "memorysetup-typetree-allocator-block-size=2097152"
    "memorysetup-profiler-bucket-allocator-granularity=16"
    "memorysetup-profiler-bucket-allocator-bucket-count=8"
    "memorysetup-profiler-bucket-allocator-block-size=33554432"
    "memorysetup-profiler-bucket-allocator-block-count=8"
    "memorysetup-profiler-allocator-block-size=16777216"
    "memorysetup-profiler-editor-allocator-block-size=1048576"
    "memorysetup-temp-allocator-size-main=16777216"
    "memorysetup-job-temp-allocator-block-size=2097152"
    "memorysetup-job-temp-allocator-block-size-background=1048576"
    "memorysetup-job-temp-allocator-reduction-small-platforms=262144"
    "memorysetup-temp-allocator-size-background-worker=32768"
    "memorysetup-temp-allocator-size-job-worker=262144"
    "memorysetup-temp-allocator-size-preload-manager=33554432"
    "memorysetup-temp-allocator-size-nav-mesh-worker=65536"
    "memorysetup-temp-allocator-size-audio-worker=65536"
    "memorysetup-temp-allocator-size-cloud-worker=32768"
    "memorysetup-temp-allocator-size-gi-baking-worker=262144"
    "memorysetup-temp-allocator-size-gfx=262144"
Refreshing native plugins compatible for Editor in 359.76 ms, found 3 plugins.
Preloading 0 native plugins for Editor in 0.00 ms.
Initialize engine version: 2022.1.23f1 (9636b062134a)
[Subsystems] Discovering subsystems at path C:/Program Files/Unity/Hub/Editor/2022.1.23f1/Editor/Data/Resources/UnitySubsystems
[Subsystems] Discovering subsystems at path D:/_Uni/Design/Assignment 2/PepperoniOrDie/Pepperoni Or Die Project2/Assets
GfxDevice: creating device client; threaded=0; jobified=0
Direct3D:
    Version:  Direct3D 11.0 [level 11.1]
    Renderer: Intel(R) Iris(R) Xe Graphics (ID=0x9a49)
    Vendor:   Intel
    VRAM:     3995 MB
    Driver:   30.0.101.1960
Initialize mono
Mono path[0] = 'C:/Program Files/Unity/Hub/Editor/2022.1.23f1/Editor/Data/Managed'
Mono path[1] = 'C:/Program Files/Unity/Hub/Editor/2022.1.23f1/Editor/Data/MonoBleedingEdge/lib/mono/unityjit-win32'
Mono config path = 'C:/Program Files/Unity/Hub/Editor/2022.1.23f1/Editor/Data/MonoBleedingEdge/etc'
Using monoOptions --debugger-agent=transport=dt_socket,embedding=1,server=y,suspend=n,address=127.0.0.1:56432
Begin MonoManager ReloadAssembly
Registering precompiled unity dll's ...
Register platform support module: C:/Program Files/Unity/Hub/Editor/2022.1.23f1/Editor/Data/PlaybackEngines/WindowsStandaloneSupport/UnityEditor.WindowsStandalone.Extensions.dll
Registered in 0.004337 seconds.
Native extension for WindowsStandalone target not found
Refreshing native plugins compatible for Editor in 142.60 ms, found 3 plugins.
Preloading 0 native plugins for Editor in 0.00 ms.
Mono: successfully reloaded assembly
- Completed reload, in  0.912 seconds
Domain Reload Profiling:
	ReloadAssembly (913ms)
		BeginReloadAssembly (109ms)
			ExecutionOrderSort (0ms)
			DisableScriptedObjects (0ms)
			BackupInstance (0ms)
			ReleaseScriptingObjects (0ms)
			CreateAndSetChildDomain (2ms)
		EndReloadAssembly (673ms)
			LoadAssemblies (105ms)
			RebuildTransferFunctionScriptingTraits (0ms)
			SetupTypeCache (149ms)
				TypeCache.Initialize (148ms)
					TypeCache.ScanAssembly (147ms)
				ResolveRequiredComponents (1ms)
			ReleaseScriptCaches (0ms)
			RebuildScriptCaches (39ms)
			SetupLoadedEditorAssemblies (410ms)
				LogAssemblyErrors (0ms)
				InitializePlatformSupportModulesInManaged (9ms)
				SetLoadedEditorAssemblies (11ms)
				RefreshPlugins (143ms)
				BeforeProcessingInitializeOnLoad (2ms)
				ProcessInitializeOnLoadAttributes (184ms)
				ProcessInitializeOnLoadMethodAttributes (61ms)
				AfterProcessingInitializeOnLoad (0ms)
				EditorAssembliesLoaded (0ms)
			ExecutionOrderSort2 (0ms)
			AwakeInstancesAfterBackupRestoration (0ms)
Platform modules already initialized, skipping
Registering precompiled user dll's ...
Registered in 0.005583 seconds.
Begin MonoManager ReloadAssembly
Symbol file LoadedFromMemory doesn't match image D:\_Uni\Design\Assignment 2\PepperoniOrDie\Pepperoni Or Die Project2\Library\PackageCache\com.unity.visualscripting@1.7.8\Editor\VisualScripting.Core\Dependencies\YamlDotNet\Unity.VisualScripting.YamlDotNet.dll
Symbol file LoadedFromMemory doesn't match image D:\_Uni\Design\Assignment 2\PepperoniOrDie\Pepperoni Or Die Project2\Library\PackageCache\com.unity.visualscripting@1.7.8\Editor\VisualScripting.Core\Dependencies\DotNetZip\Unity.VisualScripting.IonicZip.dll
Native extension for WindowsStandalone target not found
Refreshing native plugins compatible for Editor in 192.46 ms, found 3 plugins.
Preloading 0 native plugins for Editor in 0.00 ms.
Mono: successfully reloaded assembly
- Completed reload, in  6.868 seconds
Domain Reload Profiling:
	ReloadAssembly (6869ms)
		BeginReloadAssembly (272ms)
			ExecutionOrderSort (0ms)
			DisableScriptedObjects (7ms)
			BackupInstance (0ms)
			ReleaseScriptingObjects (1ms)
			CreateAndSetChildDomain (36ms)
		EndReloadAssembly (6383ms)
			LoadAssemblies (4461ms)
			RebuildTransferFunctionScriptingTraits (0ms)
			SetupTypeCache (551ms)
				TypeCache.Initialize (530ms)
					TypeCache.ScanAssembly (519ms)
				ResolveRequiredComponents (21ms)
			ReleaseScriptCaches (2ms)
			RebuildScriptCaches (127ms)
			SetupLoadedEditorAssemblies (1245ms)
				LogAssemblyErrors (0ms)
				InitializePlatformSupportModulesInManaged (5ms)
				SetLoadedEditorAssemblies (18ms)
				RefreshPlugins (193ms)
				BeforeProcessingInitializeOnLoad (211ms)
				ProcessInitializeOnLoadAttributes (661ms)
				ProcessInitializeOnLoadMethodAttributes (148ms)
				AfterProcessingInitializeOnLoad (9ms)
				EditorAssembliesLoaded (1ms)
			ExecutionOrderSort2 (0ms)
			AwakeInstancesAfterBackupRestoration (13ms)
Platform modules already initialized, skipping
========================================================================
Worker process is ready to serve import requests
Launched and connected shader compiler UnityShaderCompiler.exe after 0.08 seconds
Refreshing native plugins compatible for Editor in 3.80 ms, found 3 plugins.
Preloading 0 native plugins for Editor in 0.00 ms.
Unloading 6009 Unused Serialized files (Serialized files now loaded: 0)
Unloading 53 unused Assets / (0.8 MB). Loaded Objects now: 6461.
Memory consumption went from 0.92 GB to 0.92 GB.
Total: 9.092600 ms (FindLiveObjects: 1.462300 ms CreateObjectMapping: 0.685900 ms MarkObjects: 5.377100 ms  DeleteObjects: 1.565000 ms)

AssetImportParameters requested are different than current active one (requested -> active):
  custom:video-decoder-ogg-theora: a1e56fd34408186e4bbccfd4996cb3dc -> 
  custom:container-muxer-webm: aa71ff27fc2769a1b78a27578f13a17b -> 
  custom:container-demuxer-webm: 4f35f7cbe854078d1ac9338744f61a02 -> 
  custom:video-encoder-webm-vp8: eb34c28f22e8b96e1ab97ce403110664 -> 
  custom:video-codec-MediaFoundation-h265: 746d11721c4dcdbdad8f713fa42b33f4 -> 
  custom:audio-encoder-webm-vorbis: bf7c407c2cedff20999df2af8eb42d56 -> 
  custom:framework-win-MediaFoundation: 216162199b28c13a410421893ffa2e32 -> 
  custom:container-demuxer-ogg: 62fdf1f143b41e24485cea50d1cbac27 -> 
  custom:video-decoder-webm-vp8: 9c59270c3fd7afecdb556c50c9e8de78 -> 
  custom:audio-decoder-ogg-vorbis: bf7c407c2cedff20999df2af8eb42d56 -> 
========================================================================
Received Import Request.
  Time since last request: 313.084852 seconds.
  path: Assets/StarterAssets/Readme.asset
  artifactKey: Guid(4181bfe715a83e843b7538d750dc57cc) Importer(815301076,1909f56bfc062723c751e8b465ee728b)
Start importing Assets/StarterAssets/Readme.asset using Guid(4181bfe715a83e843b7538d750dc57cc) Importer(815301076,1909f56bfc062723c751e8b465ee728b)  -> (artifact id: '3ccb2ff89340852f1fd68ad9a32baffd') in 0.133060 seconds 
========================================================================
Received Import Request.
  Time since last request: 1522.907056 seconds.
  path: Assets/StarterAssets/Environment/Prefabs/Box_100x100x100_Prefab.prefab
  artifactKey: Guid(e5f4daf24146ee040b5a2d7a73b30aa0) Importer(815301076,1909f56bfc062723c751e8b465ee728b)
Start importing Assets/StarterAssets/Environment/Prefabs/Box_100x100x100_Prefab.prefab using Guid(e5f4daf24146ee040b5a2d7a73b30aa0) Importer(815301076,1909f56bfc062723c751e8b465ee728b)  -> (artifact id: '4dbc3e7e810f9362b8c0abdde1d4107b') in 0.779863 seconds 
========================================================================
Received Import Request.
  Time since last request: 0.000108 seconds.
  path: Assets/StarterAssets/Environment/Prefabs/Environment_Prefab.prefab
  artifactKey: Guid(09aade0ecefd01e4b8f7661acf64f5c2) Importer(815301076,1909f56bfc062723c751e8b465ee728b)
Start importing Assets/StarterAssets/Environment/Prefabs/Environment_Prefab.prefab using Guid(09aade0ecefd01e4b8f7661acf64f5c2) Importer(815301076,1909f56bfc062723c751e8b465ee728b)  -> (artifact id: 'fba4c585a6db3fa491f884e9a23ee70a') in 0.359730 seconds 
========================================================================
Received Import Request.
  Time since last request: 0.000052 seconds.
  path: Assets/StarterAssets/Environment/Prefabs/Stairs_650_400_300_Prefab.prefab
  artifactKey: Guid(50a0925b0c22af146a2d15615f815a1c) Importer(815301076,1909f56bfc062723c751e8b465ee728b)
Start importing Assets/StarterAssets/Environment/Prefabs/Stairs_650_400_300_Prefab.prefab using Guid(50a0925b0c22af146a2d15615f815a1c) Importer(815301076,1909f56bfc062723c751e8b465ee728b)  -> (artifact id: '500dbf9fbf5477ba57c21ecca22fdc6e') in 0.093451 seconds 
========================================================================
Received Import Request.
  Time since last request: 0.000045 seconds.
  path: Assets/StarterAssets/FirstPersonController/Scenes/Playground/ReflectionProbe-1.exr
  artifactKey: Guid(5515cbebf3ef1144ebf8d50ed9091e17) Importer(815301076,1909f56bfc062723c751e8b465ee728b)
Start importing Assets/StarterAssets/FirstPersonController/Scenes/Playground/ReflectionProbe-1.exr using Guid(5515cbebf3ef1144ebf8d50ed9091e17) Importer(815301076,1909f56bfc062723c751e8b465ee728b)  -> (artifact id: '95e5a07d8dff1c22ad40ab23898cadd4') in 0.172182 seconds 
========================================================================
Received Import Request.
  Time since last request: 0.000047 seconds.
  path: Assets/StarterAssets/FirstPersonController/Scenes/Playground/ReflectionProbe-0.exr
  artifactKey: Guid(ac547032e7ab2874b8b53ccbfec07526) Importer(815301076,1909f56bfc062723c751e8b465ee728b)
Start importing Assets/StarterAssets/FirstPersonController/Scenes/Playground/ReflectionProbe-0.exr using Guid(ac547032e7ab2874b8b53ccbfec07526) Importer(815301076,1909f56bfc062723c751e8b465ee728b)  -> (artifact id: 'f583c8797686fbc4a6698168959d77a0') in 0.123101 seconds 
========================================================================
Received Import Request.
  Time since last request: 2.045095 seconds.
  path: Packages/com.unity.probuilder/Content/Icons/Toolbar/Object_ProBuilderize.png
  artifactKey: Guid(aa758a88ed4a5404fa8b0827990c1469) Importer(815301076,1909f56bfc062723c751e8b465ee728b)
Start importing Packages/com.unity.probuilder/Content/Icons/Toolbar/Object_ProBuilderize.png using Guid(aa758a88ed4a5404fa8b0827990c1469) Importer(815301076,1909f56bfc062723c751e8b465ee728b)  -> (artifact id: 'd8e624218098507e3c55d9830876c7a6') in 0.164163 seconds 
========================================================================
Received Import Request.
  Time since last request: 0.000106 seconds.
  path: Packages/com.unity.probuilder/Content/Icons/UVEditor/ProBuilderGUI_UV_ShowTexture_On.png
  artifactKey: Guid(5a6dc9461316c413b909911cc5d9f136) Importer(815301076,1909f56bfc062723c751e8b465ee728b)
Start importing Packages/com.unity.probuilder/Content/Icons/UVEditor/ProBuilderGUI_UV_ShowTexture_On.png using Guid(5a6dc9461316c413b909911cc5d9f136) Importer(815301076,1909f56bfc062723c751e8b465ee728b)  -> (artifact id: '1ca099c4d2989037e7fde87f175cba84') in 0.092993 seconds 
========================================================================
Received Import Request.
  Time since last request: 0.000158 seconds.
  path: Packages/com.unity.probuilder/Content/Shader/ProBuilderCG.cginc
  artifactKey: Guid(6aba455f32e574b6e86ede4acd901efa) Importer(815301076,1909f56bfc062723c751e8b465ee728b)
Start importing Packages/com.unity.probuilder/Content/Shader/ProBuilderCG.cginc using Guid(6aba455f32e574b6e86ede4acd901efa) Importer(815301076,1909f56bfc062723c751e8b465ee728b)  -> (artifact id: 'a8244b8c0dfee75df173e69f341b2186') in 0.105728 seconds 
========================================================================
Received Import Request.
  Time since last request: 0.000094 seconds.
  path: Packages/com.unity.probuilder/Content/Icons/UVEditor/ProBuilderGUI_UV_ShowTexture_Off.png
  artifactKey: Guid(dbb4b574fd7ee40eb876528351e6f9ad) Importer(815301076,1909f56bfc062723c751e8b465ee728b)
Start importing Packages/com.unity.probuilder/Content/Icons/UVEditor/ProBuilderGUI_UV_ShowTexture_Off.png using Guid(dbb4b574fd7ee40eb876528351e6f9ad) Importer(815301076,1909f56bfc062723c751e8b465ee728b)  -> (artifact id: 'e95c998faf7d4b74d868ae512fb75ae1') in 0.099686 seconds 
========================================================================
Received Import Request.
  Time since last request: 0.000151 seconds.
  path: Packages/com.unity.probuilder/Content/Icons/UVEditor/ProBuilderGUI_UV_Manip_Off.png
  artifactKey: Guid(637899925569746a3ac6f0b2b9b3d906) Importer(815301076,1909f56bfc062723c751e8b465ee728b)
Start importing Packages/com.unity.probuilder/Content/Icons/UVEditor/ProBuilderGUI_UV_Manip_Off.png using Guid(637899925569746a3ac6f0b2b9b3d906) Importer(815301076,1909f56bfc062723c751e8b465ee728b)  -> (artifact id: 'b525668efe3960ddcef7745fafa80208') in 0.081110 seconds 
========================================================================
Received Import Request.
  Time since last request: 0.000106 seconds.
  path: Packages/com.unity.probuilder/Content/Icons/UVEditor/ProBuilderGUI_UV_Manip_On.png
  artifactKey: Guid(eb541c72b12c34a2d8ddadcb283b889e) Importer(815301076,1909f56bfc062723c751e8b465ee728b)
Start importing Packages/com.unity.probuilder/Content/Icons/UVEditor/ProBuilderGUI_UV_Manip_On.png using Guid(eb541c72b12c34a2d8ddadcb283b889e) Importer(815301076,1909f56bfc062723c751e8b465ee728b)  -> (artifact id: '446c589a783d757a1434da98544adbff') in 0.080885 seconds 
========================================================================
Received Import Request.
  Time since last request: 0.483631 seconds.
  path: Packages/com.unity.probuilder/Content/Resources/Textures/GridBox_Default.png
  artifactKey: Guid(6344bf96fbda94141a525046d088fb23) Importer(815301076,1909f56bfc062723c751e8b465ee728b)
Start importing Packages/com.unity.probuilder/Content/Resources/Textures/GridBox_Default.png using Guid(6344bf96fbda94141a525046d088fb23) Importer(815301076,1909f56bfc062723c751e8b465ee728b)  -> (artifact id: 'c2d9de851a6b0a296ee8885cf4d23f67') in 0.074961 seconds 
========================================================================
Received Import Request.
  Time since last request: 2.524763 seconds.
  path: Packages/com.unity.probuilder/Content/Resources/Materials/EdgePickerHDRP.mat
  artifactKey: Guid(980c24c5a501a9a429356d191ad356a9) Importer(815301076,1909f56bfc062723c751e8b465ee728b)
Start importing Packages/com.unity.probuilder/Content/Resources/Materials/EdgePickerHDRP.mat using Guid(980c24c5a501a9a429356d191ad356a9) Importer(815301076,1909f56bfc062723c751e8b465ee728b)  -> (artifact id: '1cbe7a9bc10481c730cf02a826bf7fc6') in 0.194893 seconds 
========================================================================
Received Import Request.
  Time since last request: 0.000103 seconds.
  path: Packages/com.unity.probuilder/Content/Resources/Materials/VertexPickerHDRP.mat
  artifactKey: Guid(7d5c9fc287a2aa945a98203d41282923) Importer(815301076,1909f56bfc062723c751e8b465ee728b)
Start importing Packages/com.unity.probuilder/Content/Resources/Materials/VertexPickerHDRP.mat using Guid(7d5c9fc287a2aa945a98203d41282923) Importer(815301076,1909f56bfc062723c751e8b465ee728b)  -> (artifact id: '00c4d18b32ad3698ea92b8659e64b546') in 0.089811 seconds 
========================================================================
Received Import Request.
  Time since last request: 0.000073 seconds.
  path: Packages/com.unity.probuilder/Content/Resources/Materials/VertexPicker.mat
  artifactKey: Guid(30a8575e1d4cc4e01a88ffbf4f973d80) Importer(815301076,1909f56bfc062723c751e8b465ee728b)
Start importing Packages/com.unity.probuilder/Content/Resources/Materials/VertexPicker.mat using Guid(30a8575e1d4cc4e01a88ffbf4f973d80) Importer(815301076,1909f56bfc062723c751e8b465ee728b)  -> (artifact id: '3f6183638cc9c0b823db9b04778ecc6d') in 0.132795 seconds 
========================================================================
Received Import Request.
  Time since last request: 0.000056 seconds.
  path: Packages/com.unity.probuilder/Content/Resources/Materials/StandardVertexColorLWRP.mat
  artifactKey: Guid(077a003b1de1e4c35923be7a21b5d948) Importer(815301076,1909f56bfc062723c751e8b465ee728b)
Start importing Packages/com.unity.probuilder/Content/Resources/Materials/StandardVertexColorLWRP.mat using Guid(077a003b1de1e4c35923be7a21b5d948) Importer(815301076,1909f56bfc062723c751e8b465ee728b)  -> (artifact id: 'd43ee5df0ae0f6e243cea88f0aa0588b') in 0.102242 seconds 
========================================================================
Received Import Request.
  Time since last request: 0.000049 seconds.
  path: Packages/com.unity.probuilder/Content/Resources/Materials/InvisibleFace.mat
  artifactKey: Guid(978bbcf5050244f1b95128c04103f628) Importer(815301076,1909f56bfc062723c751e8b465ee728b)
Start importing Packages/com.unity.probuilder/Content/Resources/Materials/InvisibleFace.mat using Guid(978bbcf5050244f1b95128c04103f628) Importer(815301076,1909f56bfc062723c751e8b465ee728b)  -> (artifact id: 'ee0e1fce08e7e82a479fa70d7ab83d69') in 0.105072 seconds 
========================================================================
Received Import Request.
  Time since last request: 0.000096 seconds.
  path: Packages/com.unity.probuilder/Content/Resources/Materials/UnlitVertexColor.mat
  artifactKey: Guid(29966c3c0907b49b58c4e59342d020cf) Importer(815301076,1909f56bfc062723c751e8b465ee728b)
Start importing Packages/com.unity.probuilder/Content/Resources/Materials/UnlitVertexColor.mat using Guid(29966c3c0907b49b58c4e59342d020cf) Importer(815301076,1909f56bfc062723c751e8b465ee728b)  -> (artifact id: 'b4493a6e9741319aab6477fb43c49c56') in 0.091681 seconds 
========================================================================
Received Import Request.
  Time since last request: 7.300518 seconds.
  path: Assets
  artifactKey: Guid(00000000000000001000000000000000) Importer(815301076,1909f56bfc062723c751e8b465ee728b)
Start importing Assets using Guid(00000000000000001000000000000000) Importer(815301076,1909f56bfc062723c751e8b465ee728b)  -> (artifact id: '643dbe22ecb75e7bba7c4df53f6b1cbf') in 0.032433 seconds 
========================================================================
Received Import Request.
  Time since last request: 10.040151 seconds.
  path: Assets/Materials
  artifactKey: Guid(672ae04945ec4894b86d959314155402) Importer(815301076,1909f56bfc062723c751e8b465ee728b)
Start importing Assets/Materials using Guid(672ae04945ec4894b86d959314155402) Importer(815301076,1909f56bfc062723c751e8b465ee728b)  -> (artifact id: 'ad8f7011c2b36b30d1c414a797b98585') in 0.029088 seconds 
========================================================================
Received Import Request.
  Time since last request: 2.959098 seconds.
  path: Assets/Materials/ProBuilderDefault.mat
  artifactKey: Guid(119034396a72a314891d1b8349eed6a1) Importer(815301076,1909f56bfc062723c751e8b465ee728b)
Start importing Assets/Materials/ProBuilderDefault.mat using Guid(119034396a72a314891d1b8349eed6a1) Importer(815301076,1909f56bfc062723c751e8b465ee728b)  -> (artifact id: 'ec066155977c9d7e855fa61ee08c5a48') in 0.274396 seconds 
========================================================================
Received Import Request.
  Time since last request: 3.751633 seconds.
  path: Assets/Materials/ProBuilderDefault 1.mat
  artifactKey: Guid(104c9209522c8c744abb571d96305f44) Importer(815301076,1909f56bfc062723c751e8b465ee728b)
Start importing Assets/Materials/ProBuilderDefault 1.mat using Guid(104c9209522c8c744abb571d96305f44) Importer(815301076,1909f56bfc062723c751e8b465ee728b)  -> (artifact id: '3f4cfecf8de551ad4f41c99f125039ff') in 0.088339 seconds 
========================================================================
Received Import Request.
  Time since last request: 3.750503 seconds.
  path: Assets/Materials/ProBuilderDefault 2.mat
  artifactKey: Guid(933d6b9970bc7874aab753c4aeeee62d) Importer(815301076,1909f56bfc062723c751e8b465ee728b)
Start importing Assets/Materials/ProBuilderDefault 2.mat using Guid(933d6b9970bc7874aab753c4aeeee62d) Importer(815301076,1909f56bfc062723c751e8b465ee728b)  -> (artifact id: 'f7919841c92f90bb3befb0c912d9ea9f') in 0.079090 seconds 
========================================================================
Received Import Request.
  Time since last request: 120.670222 seconds.
  path: Assets/Materials/ProBuilderDefault 2.mat
  artifactKey: Guid(933d6b9970bc7874aab753c4aeeee62d) Importer(815301076,1909f56bfc062723c751e8b465ee728b)
Start importing Assets/Materials/ProBuilderDefault 2.mat using Guid(933d6b9970bc7874aab753c4aeeee62d) Importer(815301076,1909f56bfc062723c751e8b465ee728b)  -> (artifact id: 'a13fe2a6d92c9f86d8f1738393311d53') in 0.075077 seconds 
========================================================================
Received Import Request.
  Time since last request: 360.990787 seconds.
  path: Assets/Customizable Skybox
  artifactKey: Guid(923b26da26aa3434488169ffe0835283) Importer(815301076,1909f56bfc062723c751e8b465ee728b)
Start importing Assets/Customizable Skybox using Guid(923b26da26aa3434488169ffe0835283) Importer(815301076,1909f56bfc062723c751e8b465ee728b)  -> (artifact id: '12fe905b3bba231c8f6be36a6bac3970') in 0.040042 seconds 
========================================================================
Received Import Request.
  Time since last request: 6.086720 seconds.
  path: Assets/Customizable Skybox/Stylized Sky
  artifactKey: Guid(135450dfab8085c4ebd673f58f013df4) Importer(815301076,1909f56bfc062723c751e8b465ee728b)
Start importing Assets/Customizable Skybox/Stylized Sky using Guid(135450dfab8085c4ebd673f58f013df4) Importer(815301076,1909f56bfc062723c751e8b465ee728b)  -> (artifact id: '430ed1527eafda89eaab9fc756e19276') in 0.033307 seconds 
========================================================================
Received Import Request.
  Time since last request: 1.681363 seconds.
  path: Assets/Customizable Skybox/Stylized Sky/Materials
  artifactKey: Guid(57832ac6c71e6b44ebdf2a754a4b62d4) Importer(815301076,1909f56bfc062723c751e8b465ee728b)
Start importing Assets/Customizable Skybox/Stylized Sky/Materials using Guid(57832ac6c71e6b44ebdf2a754a4b62d4) Importer(815301076,1909f56bfc062723c751e8b465ee728b)  -> (artifact id: 'c66b38819cc3ca13232ba4ecbe2e7e34') in 0.037823 seconds 
========================================================================
Received Import Request.
  Time since last request: 0.039471 seconds.
  path: Assets/Customizable Skybox/Stylized Sky/Materials/Day1.mat
  artifactKey: Guid(9aa8ed67591432941bb76f12eb23ff91) Importer(815301076,1909f56bfc062723c751e8b465ee728b)
Start importing Assets/Customizable Skybox/Stylized Sky/Materials/Day1.mat using Guid(9aa8ed67591432941bb76f12eb23ff91) Importer(815301076,1909f56bfc062723c751e8b465ee728b)  -> (artifact id: '525b6263dbbaa8382feffa7d492d8965') in 0.130999 seconds 
========================================================================
Received Import Request.
  Time since last request: 0.000045 seconds.
  path: Assets/Customizable Skybox/Stylized Sky/Materials/Day6.mat
  artifactKey: Guid(bbbcd551076325545ba102ba8c308520) Importer(815301076,1909f56bfc062723c751e8b465ee728b)
Start importing Assets/Customizable Skybox/Stylized Sky/Materials/Day6.mat using Guid(bbbcd551076325545ba102ba8c308520) Importer(815301076,1909f56bfc062723c751e8b465ee728b)  -> (artifact id: '9e5a003bef6e78869add424c51613233') in 0.087499 seconds 
========================================================================
Received Import Request.
  Time since last request: 0.000036 seconds.
  path: Assets/Customizable Skybox/Stylized Sky/Materials/Night3.mat
  artifactKey: Guid(135a7036ca1a07b4e9e162d80e6b6e77) Importer(815301076,1909f56bfc062723c751e8b465ee728b)
Start importing Assets/Customizable Skybox/Stylized Sky/Materials/Night3.mat using Guid(135a7036ca1a07b4e9e162d80e6b6e77) Importer(815301076,1909f56bfc062723c751e8b465ee728b)  -> (artifact id: 'aef10912f8cc355207a19ff2a53016f2') in 0.115430 seconds 
========================================================================
Received Import Request.
  Time since last request: 0.000048 seconds.
  path: Assets/Customizable Skybox/Stylized Sky/Materials/Day5.mat
  artifactKey: Guid(6225fa8890cf025489e57d3aa1d87260) Importer(815301076,1909f56bfc062723c751e8b465ee728b)
Start importing Assets/Customizable Skybox/Stylized Sky/Materials/Day5.mat using Guid(6225fa8890cf025489e57d3aa1d87260) Importer(815301076,1909f56bfc062723c751e8b465ee728b)  -> (artifact id: 'e0b3e7488182373dc38e32f7ade3c78b') in 0.087339 seconds 
========================================================================
Received Import Request.
  Time since last request: 0.000044 seconds.
  path: Assets/Customizable Skybox/Stylized Sky/Materials/Night2.mat
  artifactKey: Guid(52fcefd712182d743a781fde12426775) Importer(815301076,1909f56bfc062723c751e8b465ee728b)
Start importing Assets/Customizable Skybox/Stylized Sky/Materials/Night2.mat using Guid(52fcefd712182d743a781fde12426775) Importer(815301076,1909f56bfc062723c751e8b465ee728b)  -> (artifact id: '87c82ad355b450c5377149eca56c78c9') in 0.095629 seconds 
========================================================================
Received Import Request.
  Time since last request: 0.000088 seconds.
  path: Assets/Customizable Skybox/Stylized Sky/Materials/Morning3.mat
  artifactKey: Guid(022e71752654d3f4fa0cbe71b312ad20) Importer(815301076,1909f56bfc062723c751e8b465ee728b)
Start importing Assets/Customizable Skybox/Stylized Sky/Materials/Morning3.mat using Guid(022e71752654d3f4fa0cbe71b312ad20) Importer(815301076,1909f56bfc062723c751e8b465ee728b)  -> (artifact id: '4cc77ffd6aadf6b490518d13a5294a24') in 0.089887 seconds 
========================================================================
Received Import Request.
  Time since last request: 0.000051 seconds.
  path: Assets/Customizable Skybox/Stylized Sky/Materials/Day3.mat
  artifactKey: Guid(56113b3b655ab7349bab4d7d405c258a) Importer(815301076,1909f56bfc062723c751e8b465ee728b)
Start importing Assets/Customizable Skybox/Stylized Sky/Materials/Day3.mat using Guid(56113b3b655ab7349bab4d7d405c258a) Importer(815301076,1909f56bfc062723c751e8b465ee728b)  -> (artifact id: '59739e3379e300af673b644298a1d3d7') in 0.094052 seconds 
========================================================================
Received Import Request.
  Time since last request: 0.540315 seconds.
  path: Assets/Customizable Skybox/Stylized Sky/Materials/Sunset1.mat
  artifactKey: Guid(2441c79940171dc43b33badf9fe97828) Importer(815301076,1909f56bfc062723c751e8b465ee728b)
Start importing Assets/Customizable Skybox/Stylized Sky/Materials/Sunset1.mat using Guid(2441c79940171dc43b33badf9fe97828) Importer(815301076,1909f56bfc062723c751e8b465ee728b)  -> (artifact id: 'ec805741a1f8dfdb824295451d36d5a5') in 0.161515 seconds 
========================================================================
Received Import Request.
  Time since last request: 0.349843 seconds.
  path: Assets/Customizable Skybox/Stylized Sky/Materials/Sunset3.mat
  artifactKey: Guid(7ed994c1997814049b44c36a823bba6c) Importer(815301076,1909f56bfc062723c751e8b465ee728b)
Start importing Assets/Customizable Skybox/Stylized Sky/Materials/Sunset3.mat using Guid(7ed994c1997814049b44c36a823bba6c) Importer(815301076,1909f56bfc062723c751e8b465ee728b)  -> (artifact id: '20340d2b9b3c4884c9dd72cfd472d9f6') in 0.085272 seconds 
========================================================================
Received Import Request.
  Time since last request: 0.000055 seconds.
  path: Assets/Customizable Skybox/Stylized Sky/Materials/Sunset5.mat
  artifactKey: Guid(baef7505b9e48404cb74585601f49ff9) Importer(815301076,1909f56bfc062723c751e8b465ee728b)
Start importing Assets/Customizable Skybox/Stylized Sky/Materials/Sunset5.mat using Guid(baef7505b9e48404cb74585601f49ff9) Importer(815301076,1909f56bfc062723c751e8b465ee728b)  -> (artifact id: '4baa649de13acac361852a9c73db0a8b') in 0.078087 seconds 
========================================================================
Received Import Request.
  Time since last request: 1078.757107 seconds.
  path: Assets/StarterAssets
  artifactKey: Guid(3a02228b247d93142bd5e9fe086feace) Importer(815301076,1909f56bfc062723c751e8b465ee728b)
Start importing Assets/StarterAssets using Guid(3a02228b247d93142bd5e9fe086feace) Importer(815301076,1909f56bfc062723c751e8b465ee728b)  -> (artifact id: '4a08a09ffa0308c347c432edce468211') in 0.036149 seconds 
========================================================================
Received Import Request.
  Time since last request: 2.747177 seconds.
  path: Assets/StarterAssets/FirstPersonController
  artifactKey: Guid(24b6cfc1f7567ec448cc19d73d593576) Importer(815301076,1909f56bfc062723c751e8b465ee728b)
Start importing Assets/StarterAssets/FirstPersonController using Guid(24b6cfc1f7567ec448cc19d73d593576) Importer(815301076,1909f56bfc062723c751e8b465ee728b)  -> (artifact id: 'd4e95a93687bcef5532003de41880229') in 0.032077 seconds 
========================================================================
Received Import Request.
  Time since last request: 1.007308 seconds.
  path: Assets/StarterAssets/FirstPersonController/Prefabs
  artifactKey: Guid(3547d539220f51a4599294020a5f42cf) Importer(815301076,1909f56bfc062723c751e8b465ee728b)
Start importing Assets/StarterAssets/FirstPersonController/Prefabs using Guid(3547d539220f51a4599294020a5f42cf) Importer(815301076,1909f56bfc062723c751e8b465ee728b)  -> (artifact id: 'b8ee8293c2db76072e246449586e4030') in 0.027649 seconds 
========================================================================
Received Import Request.
  Time since last request: 0.040056 seconds.
  path: Assets/StarterAssets/FirstPersonController/Prefabs/MainCamera.prefab
  artifactKey: Guid(2d3a85ecde41a8246a79669975912b74) Importer(815301076,1909f56bfc062723c751e8b465ee728b)
Start importing Assets/StarterAssets/FirstPersonController/Prefabs/MainCamera.prefab using Guid(2d3a85ecde41a8246a79669975912b74) Importer(815301076,1909f56bfc062723c751e8b465ee728b)  -> (artifact id: 'bd953eeaf2d3be066c4684ec8287831c') in 0.041829 seconds 
========================================================================
Received Import Request.
  Time since last request: 0.000043 seconds.
  path: Assets/StarterAssets/FirstPersonController/Prefabs/PlayerFollowCamera.prefab
  artifactKey: Guid(9c489a8547f4d9e4387da15a4ff82c81) Importer(815301076,1909f56bfc062723c751e8b465ee728b)
Start importing Assets/StarterAssets/FirstPersonController/Prefabs/PlayerFollowCamera.prefab using Guid(9c489a8547f4d9e4387da15a4ff82c81) Importer(815301076,1909f56bfc062723c751e8b465ee728b)  -> (artifact id: 'a4e4d805e5a4df631838d5d007108d33') in 0.106609 seconds 
========================================================================
Received Import Request.
  Time since last request: 0.000076 seconds.
  path: Assets/StarterAssets/FirstPersonController/Prefabs/PlayerCapsule.prefab
  artifactKey: Guid(c5efc39a8aaf6e64ea40e9ad573e9b47) Importer(815301076,1909f56bfc062723c751e8b465ee728b)
Start importing Assets/StarterAssets/FirstPersonController/Prefabs/PlayerCapsule.prefab using Guid(c5efc39a8aaf6e64ea40e9ad573e9b47) Importer(815301076,1909f56bfc062723c751e8b465ee728b)  -> (artifact id: '2b1f94bc588eeb9e30dbb47b0deea0e1') in 0.120407 seconds 
========================================================================
Received Import Request.
  Time since last request: 183.466914 seconds.
  path: Assets/StarterAssets/FirstPersonController/Prefabs/NestedParent_Unpack.prefab
  artifactKey: Guid(035bf1ba97d19214580cfe6f5a29fdc3) Importer(815301076,1909f56bfc062723c751e8b465ee728b)
Start importing Assets/StarterAssets/FirstPersonController/Prefabs/NestedParent_Unpack.prefab using Guid(035bf1ba97d19214580cfe6f5a29fdc3) Importer(815301076,1909f56bfc062723c751e8b465ee728b)  -> (artifact id: '76806c1e75c101e1006103ed9db734fe') in 0.476628 seconds 
========================================================================
Received Import Request.
  Time since last request: 605.987433 seconds.
  path: Assets/Materials/ProBuilderDefault.mat
  artifactKey: Guid(119034396a72a314891d1b8349eed6a1) Importer(815301076,1909f56bfc062723c751e8b465ee728b)
Start importing Assets/Materials/ProBuilderDefault.mat using Guid(119034396a72a314891d1b8349eed6a1) Importer(815301076,1909f56bfc062723c751e8b465ee728b)  -> (artifact id: '3247cc35c3053f5cccb8764dde67b159') in 0.116832 seconds 
========================================================================
Received Import Request.
  Time since last request: 412.941828 seconds.
  path: Assets/Materials/ProBuilderDefault.mat
  artifactKey: Guid(119034396a72a314891d1b8349eed6a1) Importer(815301076,1909f56bfc062723c751e8b465ee728b)
Start importing Assets/Materials/ProBuilderDefault.mat using Guid(119034396a72a314891d1b8349eed6a1) Importer(815301076,1909f56bfc062723c751e8b465ee728b)  -> (artifact id: '678af4f4d710fe90fb95f59961b72bb6') in 0.090012 seconds 
========================================================================
Received Import Request.
  Time since last request: 263.473545 seconds.
  path: Assets/Materials/ProBuilderDefault 3.mat
  artifactKey: Guid(2e6ba87320e95334ab5bd4dd58741be0) Importer(815301076,1909f56bfc062723c751e8b465ee728b)
Start importing Assets/Materials/ProBuilderDefault 3.mat using Guid(2e6ba87320e95334ab5bd4dd58741be0) Importer(815301076,1909f56bfc062723c751e8b465ee728b)  -> (artifact id: '164dcb3fc6ec765b73d06b62a1b5e125') in 0.069112 seconds 
========================================================================
Received Import Request.
  Time since last request: 968.834925 seconds.
  path: Assets/Animations
  artifactKey: Guid(256eec7aa439707498f2e82529431da1) Importer(815301076,1909f56bfc062723c751e8b465ee728b)
Start importing Assets/Animations using Guid(256eec7aa439707498f2e82529431da1) Importer(815301076,1909f56bfc062723c751e8b465ee728b)  -> (artifact id: '71e3496f300b8c84dd5775d317569e3b') in 0.034416 seconds 
========================================================================
Received Import Request.
  Time since last request: 10.063901 seconds.
  path: Assets/Animations/ac_fan.controller
  artifactKey: Guid(7688eba772b50bc4fb36969b0176118b) Importer(815301076,1909f56bfc062723c751e8b465ee728b)
Start importing Assets/Animations/ac_fan.controller using Guid(7688eba772b50bc4fb36969b0176118b) Importer(815301076,1909f56bfc062723c751e8b465ee728b)  -> (artifact id: '45a80657f4e094d4f0f3f729a8ca3fcb') in 0.081248 seconds 
========================================================================
Received Import Request.
  Time since last request: 35.046809 seconds.
  path: Assets/Animations/anim_fan.anim
  artifactKey: Guid(dc752b921b00ff4458a8763552909531) Importer(815301076,1909f56bfc062723c751e8b465ee728b)
Start importing Assets/Animations/anim_fan.anim using Guid(dc752b921b00ff4458a8763552909531) Importer(815301076,1909f56bfc062723c751e8b465ee728b)  -> (artifact id: '8c367d46e64129ab879f6016a090fbca') in 0.039471 seconds 
