Using pre-set license
Built from '2022.1/staging' branch; Version is '2022.1.23f1 (9636b062134a) revision 9844400'; Using compiler version '192829333'; Build Type 'Release'
OS: 'Windows 11  (10.0.22621) 64bit Professional' Language: 'en' Physical Memory: 7991 MB
BatchMode: 1, IsHumanControllingUs: 0, StartBugReporterOnCrash: 0, Is64bit: 1, IsPro: 1

COMMAND LINE ARGUMENTS:
C:\Program Files\Unity\Hub\Editor\2022.1.23f1\Editor\Unity.exe
-adb2
-batchMode
-noUpm
-name
AssetImportWorker21
-projectPath
D:/_Uni/Design/Assignment 2/PepperoniOrDie/Pepperoni Or Die Project2
-logFile
Logs/AssetImportWorker21.log
-srvPort
51045
Successfully changed project path to: D:/_Uni/Design/Assignment 2/PepperoniOrDie/Pepperoni Or Die Project2
D:/_Uni/Design/Assignment 2/PepperoniOrDie/Pepperoni Or Die Project2
[UnityMemory] Configuration Parameters - Can be set up in boot.config
    "memorysetup-bucket-allocator-granularity=16"
    "memorysetup-bucket-allocator-bucket-count=8"
    "memorysetup-bucket-allocator-block-size=33554432"
    "memorysetup-bucket-allocator-block-count=8"
    "memorysetup-main-allocator-block-size=16777216"
    "memorysetup-thread-allocator-block-size=16777216"
    "memorysetup-gfx-main-allocator-block-size=16777216"
    "memorysetup-gfx-thread-allocator-block-size=16777216"
    "memorysetup-cache-allocator-block-size=4194304"
    "memorysetup-typetree-allocator-block-size=2097152"
    "memorysetup-profiler-bucket-allocator-granularity=16"
    "memorysetup-profiler-bucket-allocator-bucket-count=8"
    "memorysetup-profiler-bucket-allocator-block-size=33554432"
    "memorysetup-profiler-bucket-allocator-block-count=8"
    "memorysetup-profiler-allocator-block-size=16777216"
    "memorysetup-profiler-editor-allocator-block-size=1048576"
    "memorysetup-temp-allocator-size-main=16777216"
    "memorysetup-job-temp-allocator-block-size=2097152"
    "memorysetup-job-temp-allocator-block-size-background=1048576"
    "memorysetup-job-temp-allocator-reduction-small-platforms=262144"
    "memorysetup-temp-allocator-size-background-worker=32768"
    "memorysetup-temp-allocator-size-job-worker=262144"
    "memorysetup-temp-allocator-size-preload-manager=33554432"
    "memorysetup-temp-allocator-size-nav-mesh-worker=65536"
    "memorysetup-temp-allocator-size-audio-worker=65536"
    "memorysetup-temp-allocator-size-cloud-worker=32768"
    "memorysetup-temp-allocator-size-gi-baking-worker=262144"
    "memorysetup-temp-allocator-size-gfx=262144"
Refreshing native plugins compatible for Editor in 380.06 ms, found 3 plugins.
Preloading 0 native plugins for Editor in 0.00 ms.
Initialize engine version: 2022.1.23f1 (9636b062134a)
[Subsystems] Discovering subsystems at path C:/Program Files/Unity/Hub/Editor/2022.1.23f1/Editor/Data/Resources/UnitySubsystems
[Subsystems] Discovering subsystems at path D:/_Uni/Design/Assignment 2/PepperoniOrDie/Pepperoni Or Die Project2/Assets
GfxDevice: creating device client; threaded=0; jobified=0
Direct3D:
    Version:  Direct3D 11.0 [level 11.1]
    Renderer: Intel(R) Iris(R) Xe Graphics (ID=0x9a49)
    Vendor:   Intel
    VRAM:     3995 MB
    Driver:   30.0.101.1960
Initialize mono
Mono path[0] = 'C:/Program Files/Unity/Hub/Editor/2022.1.23f1/Editor/Data/Managed'
Mono path[1] = 'C:/Program Files/Unity/Hub/Editor/2022.1.23f1/Editor/Data/MonoBleedingEdge/lib/mono/unityjit-win32'
Mono config path = 'C:/Program Files/Unity/Hub/Editor/2022.1.23f1/Editor/Data/MonoBleedingEdge/etc'
Using monoOptions --debugger-agent=transport=dt_socket,embedding=1,server=y,suspend=n,address=127.0.0.1:56420
Begin MonoManager ReloadAssembly
Registering precompiled unity dll's ...
Register platform support module: C:/Program Files/Unity/Hub/Editor/2022.1.23f1/Editor/Data/PlaybackEngines/WindowsStandaloneSupport/UnityEditor.WindowsStandalone.Extensions.dll
Registered in 0.006661 seconds.
Native extension for WindowsStandalone target not found
Refreshing native plugins compatible for Editor in 169.38 ms, found 3 plugins.
Preloading 0 native plugins for Editor in 0.00 ms.
Mono: successfully reloaded assembly
- Completed reload, in  1.059 seconds
Domain Reload Profiling:
	ReloadAssembly (1060ms)
		BeginReloadAssembly (115ms)
			ExecutionOrderSort (0ms)
			DisableScriptedObjects (0ms)
			BackupInstance (0ms)
			ReleaseScriptingObjects (0ms)
			CreateAndSetChildDomain (1ms)
		EndReloadAssembly (779ms)
			LoadAssemblies (110ms)
			RebuildTransferFunctionScriptingTraits (0ms)
			SetupTypeCache (168ms)
				TypeCache.Initialize (167ms)
					TypeCache.ScanAssembly (165ms)
				ResolveRequiredComponents (1ms)
			ReleaseScriptCaches (0ms)
			RebuildScriptCaches (46ms)
			SetupLoadedEditorAssemblies (485ms)
				LogAssemblyErrors (0ms)
				InitializePlatformSupportModulesInManaged (16ms)
				SetLoadedEditorAssemblies (14ms)
				RefreshPlugins (169ms)
				BeforeProcessingInitializeOnLoad (2ms)
				ProcessInitializeOnLoadAttributes (216ms)
				ProcessInitializeOnLoadMethodAttributes (67ms)
				AfterProcessingInitializeOnLoad (0ms)
				EditorAssembliesLoaded (0ms)
			ExecutionOrderSort2 (0ms)
			AwakeInstancesAfterBackupRestoration (0ms)
Platform modules already initialized, skipping
Registering precompiled user dll's ...
Registered in 0.009076 seconds.
Begin MonoManager ReloadAssembly
Symbol file LoadedFromMemory doesn't match image D:\_Uni\Design\Assignment 2\PepperoniOrDie\Pepperoni Or Die Project2\Library\PackageCache\com.unity.visualscripting@1.7.8\Editor\VisualScripting.Core\Dependencies\YamlDotNet\Unity.VisualScripting.YamlDotNet.dll
Symbol file LoadedFromMemory doesn't match image D:\_Uni\Design\Assignment 2\PepperoniOrDie\Pepperoni Or Die Project2\Library\PackageCache\com.unity.visualscripting@1.7.8\Editor\VisualScripting.Core\Dependencies\DotNetZip\Unity.VisualScripting.IonicZip.dll
Native extension for WindowsStandalone target not found
Refreshing native plugins compatible for Editor in 204.86 ms, found 3 plugins.
Preloading 0 native plugins for Editor in 0.00 ms.
Mono: successfully reloaded assembly
- Completed reload, in 15.200 seconds
Domain Reload Profiling:
	ReloadAssembly (15202ms)
		BeginReloadAssembly (229ms)
			ExecutionOrderSort (0ms)
			DisableScriptedObjects (9ms)
			BackupInstance (0ms)
			ReleaseScriptingObjects (0ms)
			CreateAndSetChildDomain (44ms)
		EndReloadAssembly (14590ms)
			LoadAssemblies (11930ms)
			RebuildTransferFunctionScriptingTraits (0ms)
			SetupTypeCache (596ms)
				TypeCache.Initialize (570ms)
					TypeCache.ScanAssembly (558ms)
				ResolveRequiredComponents (26ms)
			ReleaseScriptCaches (3ms)
			RebuildScriptCaches (151ms)
			SetupLoadedEditorAssemblies (1798ms)
				LogAssemblyErrors (0ms)
				InitializePlatformSupportModulesInManaged (9ms)
				SetLoadedEditorAssemblies (16ms)
				RefreshPlugins (205ms)
				BeforeProcessingInitializeOnLoad (265ms)
				ProcessInitializeOnLoadAttributes (1047ms)
				ProcessInitializeOnLoadMethodAttributes (245ms)
				AfterProcessingInitializeOnLoad (10ms)
				EditorAssembliesLoaded (1ms)
			ExecutionOrderSort2 (0ms)
			AwakeInstancesAfterBackupRestoration (17ms)
Platform modules already initialized, skipping
========================================================================
Worker process is ready to serve import requests
Launched and connected shader compiler UnityShaderCompiler.exe after 0.26 seconds
Refreshing native plugins compatible for Editor in 4.62 ms, found 3 plugins.
Preloading 0 native plugins for Editor in 0.00 ms.
Unloading 6059 Unused Serialized files (Serialized files now loaded: 0)
Unloading 53 unused Assets / (0.8 MB). Loaded Objects now: 6515.
Memory consumption went from 0.93 GB to 0.93 GB.
Total: 17.061300 ms (FindLiveObjects: 1.871900 ms CreateObjectMapping: 3.981600 ms MarkObjects: 9.940900 ms  DeleteObjects: 1.264500 ms)

AssetImportParameters requested are different than current active one (requested -> active):
  custom:video-decoder-ogg-theora: a1e56fd34408186e4bbccfd4996cb3dc -> 
  custom:container-muxer-webm: aa71ff27fc2769a1b78a27578f13a17b -> 
  custom:container-demuxer-webm: 4f35f7cbe854078d1ac9338744f61a02 -> 
  custom:video-encoder-webm-vp8: eb34c28f22e8b96e1ab97ce403110664 -> 
  custom:video-codec-MediaFoundation-h265: 746d11721c4dcdbdad8f713fa42b33f4 -> 
  custom:audio-encoder-webm-vorbis: bf7c407c2cedff20999df2af8eb42d56 -> 
  custom:framework-win-MediaFoundation: 216162199b28c13a410421893ffa2e32 -> 
  custom:container-demuxer-ogg: 62fdf1f143b41e24485cea50d1cbac27 -> 
  custom:video-decoder-webm-vp8: 9c59270c3fd7afecdb556c50c9e8de78 -> 
  custom:audio-decoder-ogg-vorbis: bf7c407c2cedff20999df2af8eb42d56 -> 
========================================================================
Received Import Request.
  Time since last request: 182089.608341 seconds.
  path: Assets/pizzaBaseIcon.png
  artifactKey: Guid(55922a1b974f65f43ba4bbbf82237c78) Importer(815301076,1909f56bfc062723c751e8b465ee728b)
Start importing Assets/pizzaBaseIcon.png using Guid(55922a1b974f65f43ba4bbbf82237c78) Importer(815301076,1909f56bfc062723c751e8b465ee728b)  -> (artifact id: '2dbbfa1fc8af8ec110e70283265b0e4b') in 0.625343 seconds 
========================================================================
Received Import Request.
  Time since last request: 102.661291 seconds.
  path: Assets/pizzaBaseIcon.png
  artifactKey: Guid(55922a1b974f65f43ba4bbbf82237c78) Importer(815301076,1909f56bfc062723c751e8b465ee728b)
Start importing Assets/pizzaBaseIcon.png using Guid(55922a1b974f65f43ba4bbbf82237c78) Importer(815301076,1909f56bfc062723c751e8b465ee728b)  -> (artifact id: 'c16a005fbf20ffc2c7ec31f0a4eefe39') in 1.014595 seconds 
========================================================================
Received Import Request.
  Time since last request: 50.341826 seconds.
  path: ProjectSettings/TagManager.asset
  artifactKey: Guid(00000000000000003000000000000000) Importer(815301076,1909f56bfc062723c751e8b465ee728b)
Start importing ProjectSettings/TagManager.asset using Guid(00000000000000003000000000000000) Importer(815301076,1909f56bfc062723c751e8b465ee728b)  -> (artifact id: '3e9bae0f2ed2f347150df09c175581c5') in 0.126456 seconds 
========================================================================
Received Import Request.
  Time since last request: 308.071023 seconds.
  path: Assets/tomatoSauceIcon.png
  artifactKey: Guid(17a854e4800b4134689190e62ec70cae) Importer(815301076,1909f56bfc062723c751e8b465ee728b)
Start importing Assets/tomatoSauceIcon.png using Guid(17a854e4800b4134689190e62ec70cae) Importer(815301076,1909f56bfc062723c751e8b465ee728b)  -> (artifact id: '62adcd8af56d6a814dba7f1f466d63fd') in 0.476913 seconds 
========================================================================
Received Import Request.
  Time since last request: 71.305684 seconds.
  path: Assets/tomatoSauceIcon.png
  artifactKey: Guid(17a854e4800b4134689190e62ec70cae) Importer(815301076,1909f56bfc062723c751e8b465ee728b)
Start importing Assets/tomatoSauceIcon.png using Guid(17a854e4800b4134689190e62ec70cae) Importer(815301076,1909f56bfc062723c751e8b465ee728b)  -> (artifact id: '7f2764dc4f67a37b80e450931050b2dd') in 0.621622 seconds 
========================================================================
Received Import Request.
  Time since last request: 677.896875 seconds.
  path: Assets/cheeseIcon.png
  artifactKey: Guid(aaeaeb10efc850646aecacc87651f0e0) Importer(815301076,1909f56bfc062723c751e8b465ee728b)
Start importing Assets/cheeseIcon.png using Guid(aaeaeb10efc850646aecacc87651f0e0) Importer(815301076,1909f56bfc062723c751e8b465ee728b)  -> (artifact id: '39b63795906779872cb0ea07e882bad0') in 0.320483 seconds 
========================================================================
Received Import Request.
  Time since last request: 12.131603 seconds.
  path: Assets/cheeseIcon.png
  artifactKey: Guid(aaeaeb10efc850646aecacc87651f0e0) Importer(815301076,1909f56bfc062723c751e8b465ee728b)
Start importing Assets/cheeseIcon.png using Guid(aaeaeb10efc850646aecacc87651f0e0) Importer(815301076,1909f56bfc062723c751e8b465ee728b)  -> (artifact id: '999b64021aa73d93563e0bdbffdb6a21') in 0.560587 seconds 
========================================================================
Received Import Request.
  Time since last request: 199.341683 seconds.
  path: Assets/pepperoniIcon.png
  artifactKey: Guid(8643bb659db11fa49855053b03717de3) Importer(815301076,1909f56bfc062723c751e8b465ee728b)
Start importing Assets/pepperoniIcon.png using Guid(8643bb659db11fa49855053b03717de3) Importer(815301076,1909f56bfc062723c751e8b465ee728b)  -> (artifact id: '3ddbf49a596d154cf682ea215caf528f') in 0.149346 seconds 
========================================================================
Received Import Request.
  Time since last request: 14.484704 seconds.
  path: Assets/pepperoniIcon.png
  artifactKey: Guid(8643bb659db11fa49855053b03717de3) Importer(815301076,1909f56bfc062723c751e8b465ee728b)
Start importing Assets/pepperoniIcon.png using Guid(8643bb659db11fa49855053b03717de3) Importer(815301076,1909f56bfc062723c751e8b465ee728b)  -> (artifact id: '6997e7700c1873f6ca584d50dad24cad') in 0.452541 seconds 
